<?xml version="1.0" encoding="UTF-8"?>
<testng-results ignored="0" total="1" passed="1" failed="0" skipped="0">
  <reporter-output>
  </reporter-output>
  <suite started-at="2020-09-03T18:26:15 IST" name="Default suite" finished-at="2020-09-03T18:27:41 IST" duration-ms="86458">
    <groups>
    </groups>
    <test started-at="2020-09-03T18:26:15 IST" name="Default test" finished-at="2020-09-03T18:27:41 IST" duration-ms="86458">
      <class name="com.deque.axe.Lightening">
        <test-method is-config="true" signature="setUp()[pri:0, instance:com.deque.axe.Lightening@76f2bbc1]" started-at="2020-09-03T18:26:15 IST" name="setUp" finished-at="2020-09-03T18:26:18 IST" duration-ms="2706" status="PASS">
          <reporter-output>
          </reporter-output>
        </test-method> <!-- setUp -->
        <test-method signature="testLWC()[pri:0, instance:com.deque.axe.Lightening@76f2bbc1]" started-at="2020-09-03T18:26:18 IST" name="testLWC" finished-at="2020-09-03T18:27:41 IST" duration-ms="83069" status="PASS">
          <reporter-output>
          </reporter-output>
        </test-method> <!-- testLWC -->
        <test-method is-config="true" signature="tearDown()[pri:0, instance:com.deque.axe.Lightening@76f2bbc1]" started-at="2020-09-03T18:27:41 IST" name="tearDown" finished-at="2020-09-03T18:27:41 IST" duration-ms="656" status="PASS">
          <reporter-output>
          </reporter-output>
        </test-method> <!-- tearDown -->
      </class> <!-- com.deque.axe.Lightening -->
    </test> <!-- Default test -->
  </suite> <!-- Default suite -->
</testng-results>
